<?xml version="1.0" encoding="UTF-8"?>
<testng-results ignored="0" total="1" passed="1" failed="0" skipped="0">
  <reporter-output>
  </reporter-output>
  <suite started-at="2026-02-16T23:57:34 IST" name="Suite" finished-at="2026-02-16T23:58:03 IST" duration-ms="28579">
    <groups>
    </groups>
    <test started-at="2026-02-16T23:57:34 IST" name="Test" finished-at="2026-02-16T23:58:03 IST" duration-ms="28579">
      <class name="Dblaze.SubmitOrderTest.SubmitOrderTest">
        <test-method is-config="true" signature="launchApplication()[pri:0, instance:Dblaze.SubmitOrderTest.SubmitOrderTest@557caf28]" started-at="2026-02-16T23:57:34 IST" name="launchApplication" finished-at="2026-02-16T23:57:38 IST" duration-ms="3687" status="PASS">
          <reporter-output>
          </reporter-output>
        </test-method> <!-- launchApplication -->
        <test-method signature="submitOrderTest()[pri:0, instance:Dblaze.SubmitOrderTest.SubmitOrderTest@557caf28]" started-at="2026-02-16T23:57:38 IST" name="submitOrderTest" finished-at="2026-02-16T23:58:02 IST" duration-ms="24535" status="PASS">
          <reporter-output>
          </reporter-output>
        </test-method> <!-- submitOrderTest -->
        <test-method is-config="true" signature="teardown()[pri:0, instance:Dblaze.SubmitOrderTest.SubmitOrderTest@557caf28]" started-at="2026-02-16T23:58:02 IST" name="teardown" finished-at="2026-02-16T23:58:03 IST" duration-ms="290" status="PASS">
          <reporter-output>
          </reporter-output>
        </test-method> <!-- teardown -->
      </class> <!-- Dblaze.SubmitOrderTest.SubmitOrderTest -->
    </test> <!-- Test -->
  </suite> <!-- Suite -->
</testng-results>
